1564195547458:help
1564195577673:log-streams
1564195677407:exit
1564195721262:help
1564195724558:log-streams
1564196223451:exit
1564196274723:log-streams
1564196373224:exit
1564196392072:log-streams
1565020221188:apps
1565020227476:help
1565020231164:jars
1565020289635:quit
1565020338378:help
1565020382041:push-app --tag shop1
1565020384993:apps
1565021202663:quit
1565021284942:apps
1565021288933:help
1565021316901:push --tag simple
1565023622797:quit
1565023911887:apps
1565023916710:help
1565024224521:quit
1565024286376:help
1565024300207:push --tag simple
1565024502218:quit
1565024530883:help
1565024548090:push --tag simple
1565025740079:help
1565025799629:push-private --tag pvt
1565042115327:help
1565042117662:apps
1565042155685:help
1565042189716:push-my-sql --tag my
1565044111569:quit
1565044140841:apps
1565044147488:help
1565044180079:push-redis --tag red
1565045021621:quit
